# Logfile created on Fri Mar 21 19:00:47 -0700 2008 by /
D, [2008-03-21T19:00:47.575838 #3933] DEBUG -- : Example (Stem): Connecting to irc.utonet.org:6667...
D, [2008-03-21T19:00:50.764860 #3933] DEBUG -- : Example (Stem): >> USER AutumnTest AutumnTest AutumnTest AutumnTest
D, [2008-03-21T19:00:50.765168 #3933] DEBUG -- : Example (Stem): >> NICK AutumnTest
D, [2008-03-21T19:00:50.828567 #3933] DEBUG -- : Example (Stem): << :bender.us.utonet.org NOTICE AUTH :*** Looking up your hostname...

F, [2008-03-21T19:00:50.829332 #3933] FATAL -- : undefined method `ann' for #<Autumn::Stem:0x568ba0> (NoMethodError)
./libs/stem.rb:515:in `method_missing'
./libs/ctcp.rb:208:in `method_missing'
./libs/stem.rb:433:in `broadcast'
./libs/stem.rb:433:in `select'
./libs/stem.rb:433:in `broadcast'
./libs/stem.rb:475:in `start'
./libs/stem.rb:475:in `each'
./libs/stem.rb:475:in `start'
./libs/foliater.rb:145:in `start_stems'
./libs/foliater.rb:140:in `initialize'
./libs/foliater.rb:140:in `new'
./libs/foliater.rb:140:in `start_stems'
./libs/speciator.rb:106:in `each_stem'
./libs/speciator.rb:106:in `each'
./libs/speciator.rb:106:in `each_stem'
./libs/foliater.rb:139:in `start_stems'
./libs/foliater.rb:40:in `load'
./libs/genesis.rb:142:in `invoke_foliater'
./libs/genesis.rb:34:in `boot!'
script/server:11
D, [2008-03-21T19:01:33.495561 #3936] DEBUG -- : Example (Stem): Connecting to irc.utonet.org:6667...
D, [2008-03-21T19:01:33.557276 #3936] DEBUG -- : Example (Stem): >> USER AutumnTest AutumnTest AutumnTest AutumnTest
D, [2008-03-21T19:01:33.557899 #3936] DEBUG -- : Example (Stem): >> NICK AutumnTest
D, [2008-03-21T19:01:33.624475 #3936] DEBUG -- : Example (Stem): << :bender.us.utonet.org NOTICE AUTH :*** Looking up your hostname...

F, [2008-03-21T19:01:33.625258 #3936] FATAL -- : undefined method `ann' for #<Autumn::Stem:0x568984> (NoMethodError)
./libs/stem.rb:515:in `method_missing'
./libs/ctcp.rb:208:in `method_missing'
./libs/stem.rb:433:in `broadcast'
./libs/stem.rb:433:in `select'
./libs/stem.rb:433:in `broadcast'
./libs/stem.rb:475:in `start'
./libs/stem.rb:475:in `each'
./libs/stem.rb:475:in `start'
./libs/foliater.rb:145:in `start_stems'
./libs/foliater.rb:140:in `initialize'
./libs/foliater.rb:140:in `new'
./libs/foliater.rb:140:in `start_stems'
./libs/speciator.rb:106:in `each_stem'
./libs/speciator.rb:106:in `each'
./libs/speciator.rb:106:in `each_stem'
./libs/foliater.rb:139:in `start_stems'
./libs/foliater.rb:40:in `load'
./libs/genesis.rb:142:in `invoke_foliater'
./libs/genesis.rb:34:in `boot!'
script/server:11
D, [2008-03-21T19:02:24.549073 #3937] DEBUG -- : Example (Stem): Connecting to irc.utonet.org:6667...
D, [2008-03-21T19:02:24.609109 #3937] DEBUG -- : Example (Stem): >> USER AutumnTest AutumnTest AutumnTest AutumnTest
D, [2008-03-21T19:02:24.609717 #3937] DEBUG -- : Example (Stem): >> NICK AutumnTest
D, [2008-03-21T19:02:24.674294 #3937] DEBUG -- : Example (Stem): << :bender.us.utonet.org NOTICE AUTH :*** Looking up your hostname...

D, [2008-03-21T19:02:24.676019 #3937] DEBUG -- : Example (Stem): << :bender.us.utonet.org NOTICE AUTH :*** Found your hostname (cached)

D, [2008-03-21T19:02:24.676689 #3937] DEBUG -- : Example (Stem): << :bender.us.utonet.org NOTICE AUTH :*** Checking ident...

D, [2008-03-21T19:02:35.145508 #3937] DEBUG -- : Example (Stem): << :bender.us.utonet.org NOTICE AUTH :*** No ident response; username prefixed with ~

D, [2008-03-21T19:02:35.203029 #3937] DEBUG -- : Example (Stem): << :bender.us.utonet.org NOTICE AutumnTest :*** If you are having problems connecting due to ping timeouts, please type /quote pong 93B8D0F4 or /raw pong 93B8D0F4 now.

D, [2008-03-21T19:02:35.203905 #3937] DEBUG -- : Example (Stem): << PING :93B8D0F4

D, [2008-03-21T19:02:35.204472 #3937] DEBUG -- : Example (Stem): >> PONG :93B8D0F4
D, [2008-03-21T19:02:35.323373 #3937] DEBUG -- : Example (Stem): << :bender.us.utonet.org 001 AutumnTest :Welcome to the UtoNet IRC Network AutumnTest!~AutumnTes@h-67-100-89-70.snfccasy.covad.net

D, [2008-03-21T19:02:35.325778 #3937] DEBUG -- : Example (Stem): << :bender.us.utonet.org 002 AutumnTest :Your host is bender.us.utonet.org, running version Unreal3.2.4-Bergee

I, [2008-03-21T19:02:35.326793 #3937]  INFO -- : Example (Stem): Auto-detected Unreal server daemon type
D, [2008-03-21T19:02:35.327729 #3937] DEBUG -- : Example (Stem): << :bender.us.utonet.org 003 AutumnTest :This server was created Mon Mar 6 2006 at 00:26:32 CST

D, [2008-03-21T19:02:35.329591 #3937] DEBUG -- : Example (Stem): << :bender.us.utonet.org 004 AutumnTest bender.us.utonet.org Unreal3.2.4-Bergee iowghraAsORTVSxNCWqBzvdHtGp lvhopsmntikrRcaqOALQbSeIKVfMCuzNTGj

D, [2008-03-21T19:02:35.331445 #3937] DEBUG -- : Example (Stem): << :bender.us.utonet.org 005 AutumnTest CMDS=KNOCK,MAP,DCCALLOW,USERIP NAMESX SAFELIST HCN MAXCHANNELS=20 CHANLIMIT=#:20 MAXLIST=b:60,e:60,I:60 NICKLEN=30 CHANNELLEN=32 TOPICLEN=307 KICKLEN=307 AWAYLEN=307 MAXTARGETS=20 :are supported by this server

D, [2008-03-21T19:02:35.333282 #3937] DEBUG -- : Example (Stem): << :bender.us.utonet.org 005 AutumnTest WALLCHOPS WATCH=128 SILENCE=15 MODES=12 CHANTYPES=# PREFIX=(qaohv)~&@%+ CHANMODES=beI,kfL,lj,psmntirRcOAQKVCuzNSMTG NETWORK=UtoNet CASEMAPPING=ascii EXTBAN=~,cqnr ELIST=MNUCT STATUSMSG=~&@%+ EXCEPTS :are supported by this server

D, [2008-03-21T19:02:35.334904 #3937] DEBUG -- : Example (Stem): << :bender.us.utonet.org 005 AutumnTest INVEX :are supported by this server

D, [2008-03-21T19:02:35.336400 #3937] DEBUG -- : Example (Stem): << :bender.us.utonet.org 251 AutumnTest :There are 4 users and 1805 invisible on 3 servers

D, [2008-03-21T19:02:35.337808 #3937] DEBUG -- : Example (Stem): << :bender.us.utonet.org 252 AutumnTest 9 :operator(s) online

D, [2008-03-21T19:02:35.339131 #3937] DEBUG -- : Example (Stem): << :bender.us.utonet.org 254 AutumnTest 1509 :channels formed

D, [2008-03-21T19:02:35.340334 #3937] DEBUG -- : Example (Stem): << :bender.us.utonet.org 255 AutumnTest :I have 1801 clients and 1 servers

D, [2008-03-21T19:02:35.341535 #3937] DEBUG -- : Example (Stem): << :bender.us.utonet.org 265 AutumnTest :Current Local Users: 1801  Max: 2538

D, [2008-03-21T19:02:35.342658 #3937] DEBUG -- : Example (Stem): << :bender.us.utonet.org 266 AutumnTest :Current Global Users: 1809  Max: 2546

D, [2008-03-21T19:02:35.343902 #3937] DEBUG -- : Example (Stem): << :bender.us.utonet.org 375 AutumnTest :- bender.us.utonet.org Message of the Day - 

D, [2008-03-21T19:02:35.345322 #3937] DEBUG -- : Example (Stem): << :bender.us.utonet.org 372 AutumnTest :- 5/9/2007 19:45

D, [2008-03-21T19:02:35.346536 #3937] DEBUG -- : Example (Stem): << :bender.us.utonet.org 372 AutumnTest :- This is the short MOTD. To view the complete MOTD type /motd

D, [2008-03-21T19:02:35.347722 #3937] DEBUG -- : Example (Stem): << :bender.us.utonet.org 372 AutumnTest :- 

D, [2008-03-21T19:02:35.348864 #3937] DEBUG -- : Example (Stem): << :bender.us.utonet.org 372 AutumnTest :- Welcome to UtoNet!  You are using bender.us.utonet.org -- :)

D, [2008-03-21T19:02:35.349992 #3937] DEBUG -- : Example (Stem): << :bender.us.utonet.org 372 AutumnTest :- 

D, [2008-03-21T19:02:35.351118 #3937] DEBUG -- : Example (Stem): << :bender.us.utonet.org 372 AutumnTest :- Please see the UtoNet website at www.utonet.org for help and news.  :)

D, [2008-03-21T19:02:35.352326 #3937] DEBUG -- : Example (Stem): << :bender.us.utonet.org 372 AutumnTest :- 

D, [2008-03-21T19:02:35.353455 #3937] DEBUG -- : Example (Stem): << :bender.us.utonet.org 372 AutumnTest :- See the complete message of the day for the disclaimer.  If you do not

D, [2008-03-21T19:02:35.354594 #3937] DEBUG -- : Example (Stem): << :bender.us.utonet.org 372 AutumnTest :- agree please disconnect immediately.  If there are any problems with

D, [2008-03-21T19:02:35.355747 #3937] DEBUG -- : Example (Stem): << :bender.us.utonet.org 372 AutumnTest :- the server or questions related to IRC, please see the network help

D, [2008-03-21T19:02:35.381896 #3937] DEBUG -- : Example (Stem): << :bender.us.utonet.org 372 AutumnTest :- channel #UtoNet.Help for assistance.  The complete MOTD contains a list

D, [2008-03-21T19:02:35.384845 #3937] DEBUG -- : Example (Stem): << :bender.us.utonet.org 372 AutumnTest :- of operators, or optionally you may reach the entire operations team by

D, [2008-03-21T19:02:35.386814 #3937] DEBUG -- : Example (Stem): << :bender.us.utonet.org 372 AutumnTest :- sending an email to <opers@utonet.org>.

D, [2008-03-21T19:02:35.388566 #3937] DEBUG -- : Example (Stem): << :bender.us.utonet.org 372 AutumnTest :- 

D, [2008-03-21T19:02:35.390112 #3937] DEBUG -- : Example (Stem): << :bender.us.utonet.org 372 AutumnTest :- ** [ Rules ] **********************************************************

D, [2008-03-21T19:02:35.391596 #3937] DEBUG -- : Example (Stem): << :bender.us.utonet.org 372 AutumnTest :- 

D, [2008-03-21T19:02:35.392877 #3937] DEBUG -- : Example (Stem): << :bender.us.utonet.org 372 AutumnTest :- See /rules for the rules.

D, [2008-03-21T19:02:35.394036 #3937] DEBUG -- : Example (Stem): << :bender.us.utonet.org 372 AutumnTest :- 

D, [2008-03-21T19:02:35.395139 #3937] DEBUG -- : Example (Stem): << :bender.us.utonet.org 372 AutumnTest :- ** [ End of the short MOTD ] ******************************************

D, [2008-03-21T19:02:35.396279 #3937] DEBUG -- : Example (Stem): << :bender.us.utonet.org 376 AutumnTest :End of /MOTD command.

D, [2008-03-21T19:02:35.397019 #3937] DEBUG -- : Example (Stem): >> JOIN #crushridge
D, [2008-03-21T19:02:35.398034 #3937] DEBUG -- : Example (Stem): << :AutumnTest MODE AutumnTest :+ix

D, [2008-03-21T19:02:35.399158 #3937] DEBUG -- : Example (Stem): << :Global!services@services.utonet.org NOTICE AutumnTest :[Logon News - Sep 03 2007] Welcome to UtoNet! Questions or problems should be directed to the server help channel -- #UtoNet.Help

D, [2008-03-21T19:02:35.553771 #3937] DEBUG -- : Example (Stem): << :AutumnTest!~AutumnTes@uto-85D31F67.snfccasy.covad.net JOIN :#crushridge

D, [2008-03-21T19:02:35.557606 #3937] DEBUG -- : Example (Stem): << :bender.us.utonet.org 332 AutumnTest #crushridge :Pawn's gf is his sister

D, [2008-03-21T19:02:35.559635 #3937] DEBUG -- : Example (Stem): << :bender.us.utonet.org 333 AutumnTest #crushridge chicken!mrd@uto-DD23CB0B.pc.cs.cmu.edu 1206036692

D, [2008-03-21T19:02:35.561611 #3937] DEBUG -- : Example (Stem): << :bender.us.utonet.org 353 AutumnTest = #crushridge :AutumnTest @Stupid Gungnir +Atsuka +Stride Calculon %cyglorx enders ~chicken +Aphext robotchicken Malignant +Obelix +rho 

D, [2008-03-21T19:02:35.566039 #3937] DEBUG -- : Example (Stem): << :bender.us.utonet.org 366 AutumnTest #crushridge :End of /NAMES list.

D, [2008-03-21T19:02:39.351901 #3937] DEBUG -- : Example (Stem): << :Stupid!~Stupid@uto-85D31F67.snfccasy.covad.net PRIVMSG #crushridge :hello

D, [2008-03-21T19:02:39.353799 #3937] DEBUG -- : Example (Stem): >> NICK 
D, [2008-03-21T19:02:39.510108 #3937] DEBUG -- : Example (Stem): << :bender.us.utonet.org 431 AutumnTest :No nickname given

D, [2008-03-21T19:02:42.198892 #3937] DEBUG -- : Example (Stem): << :Stupid!~Stupid@uto-85D31F67.snfccasy.covad.net PRIVMSG #crushridge :meet my friend

D, [2008-03-21T19:02:42.200824 #3937] DEBUG -- : Example (Stem): >> NICK 
D, [2008-03-21T19:02:42.357208 #3937] DEBUG -- : Example (Stem): << :bender.us.utonet.org 431 AutumnTest :No nickname given

D, [2008-03-21T19:03:06.414199 #3937] DEBUG -- : Example (Stem): << :Stupid!~Stupid@uto-85D31F67.snfccasy.covad.net PRIVMSG #crushridge :hm

D, [2008-03-21T19:03:06.416259 #3937] DEBUG -- : Example (Stem): >> NICK 
D, [2008-03-21T19:03:06.715407 #3937] DEBUG -- : Example (Stem): << :bender.us.utonet.org 431 AutumnTest :No nickname given

D, [2008-03-21T19:03:18.136190 #3937] DEBUG -- : Example (Stem): << :Stupid!~Stupid@uto-85D31F67.snfccasy.covad.net PRIVMSG #crushridge :my friend has an urge to send a NICK command after everything i type.  bye bye friend!

D, [2008-03-21T19:03:18.138283 #3937] DEBUG -- : Example (Stem): >> NICK 
D, [2008-03-21T19:03:18.729020 #3937] DEBUG -- : Example (Stem): << :bender.us.utonet.org 431 AutumnTest :No nickname given

D, [2008-03-21T19:06:09.425452 #3945] DEBUG -- : Example (Stem): Connecting to irc.utonet.org:6667...
D, [2008-03-21T19:06:09.485201 #3945] DEBUG -- : Example (Stem): >> USER AutumnTest AutumnTest AutumnTest AutumnTest
D, [2008-03-21T19:06:09.485693 #3945] DEBUG -- : Example (Stem): >> NICK AutumnTest
D, [2008-03-21T19:06:09.564697 #3945] DEBUG -- : Example (Stem): << :bender.us.utonet.org NOTICE AUTH :*** Looking up your hostname...

D, [2008-03-21T19:06:09.566369 #3945] DEBUG -- : Example (Stem): << :bender.us.utonet.org NOTICE AUTH :*** Found your hostname (cached)

D, [2008-03-21T19:06:09.567052 #3945] DEBUG -- : Example (Stem): << :bender.us.utonet.org NOTICE AUTH :*** Checking ident...

D, [2008-03-21T19:06:20.045838 #3945] DEBUG -- : Example (Stem): << :bender.us.utonet.org NOTICE AUTH :*** No ident response; username prefixed with ~

D, [2008-03-21T19:06:20.104107 #3945] DEBUG -- : Example (Stem): << :bender.us.utonet.org NOTICE AutumnTest :*** If you are having problems connecting due to ping timeouts, please type /quote pong 180AE0BF or /raw pong 180AE0BF now.

D, [2008-03-21T19:06:20.105445 #3945] DEBUG -- : Example (Stem): << PING :180AE0BF

D, [2008-03-21T19:06:20.106078 #3945] DEBUG -- : Example (Stem): >> PONG :180AE0BF
D, [2008-03-21T19:06:20.225577 #3945] DEBUG -- : Example (Stem): << :bender.us.utonet.org 001 AutumnTest :Welcome to the UtoNet IRC Network AutumnTest!~AutumnTes@h-67-100-89-70.snfccasy.covad.net

D, [2008-03-21T19:06:20.228274 #3945] DEBUG -- : Example (Stem): << :bender.us.utonet.org 002 AutumnTest :Your host is bender.us.utonet.org, running version Unreal3.2.4-Bergee

I, [2008-03-21T19:06:20.229258 #3945]  INFO -- : Example (Stem): Auto-detected Unreal server daemon type
D, [2008-03-21T19:06:20.230188 #3945] DEBUG -- : Example (Stem): << :bender.us.utonet.org 003 AutumnTest :This server was created Mon Mar 6 2006 at 00:26:32 CST

D, [2008-03-21T19:06:20.232042 #3945] DEBUG -- : Example (Stem): << :bender.us.utonet.org 004 AutumnTest bender.us.utonet.org Unreal3.2.4-Bergee iowghraAsORTVSxNCWqBzvdHtGp lvhopsmntikrRcaqOALQbSeIKVfMCuzNTGj

D, [2008-03-21T19:06:20.233954 #3945] DEBUG -- : Example (Stem): << :bender.us.utonet.org 005 AutumnTest CMDS=KNOCK,MAP,DCCALLOW,USERIP NAMESX SAFELIST HCN MAXCHANNELS=20 CHANLIMIT=#:20 MAXLIST=b:60,e:60,I:60 NICKLEN=30 CHANNELLEN=32 TOPICLEN=307 KICKLEN=307 AWAYLEN=307 MAXTARGETS=20 :are supported by this server

D, [2008-03-21T19:06:20.235848 #3945] DEBUG -- : Example (Stem): << :bender.us.utonet.org 005 AutumnTest WALLCHOPS WATCH=128 SILENCE=15 MODES=12 CHANTYPES=# PREFIX=(qaohv)~&@%+ CHANMODES=beI,kfL,lj,psmntirRcOAQKVCuzNSMTG NETWORK=UtoNet CASEMAPPING=ascii EXTBAN=~,cqnr ELIST=MNUCT STATUSMSG=~&@%+ EXCEPTS :are supported by this server

D, [2008-03-21T19:06:20.237562 #3945] DEBUG -- : Example (Stem): << :bender.us.utonet.org 005 AutumnTest INVEX :are supported by this server

D, [2008-03-21T19:06:20.239053 #3945] DEBUG -- : Example (Stem): << :bender.us.utonet.org 251 AutumnTest :There are 4 users and 1805 invisible on 3 servers

D, [2008-03-21T19:06:20.240524 #3945] DEBUG -- : Example (Stem): << :bender.us.utonet.org 252 AutumnTest 9 :operator(s) online

D, [2008-03-21T19:06:20.241841 #3945] DEBUG -- : Example (Stem): << :bender.us.utonet.org 253 AutumnTest 1 :unknown connection(s)

D, [2008-03-21T19:06:20.243110 #3945] DEBUG -- : Example (Stem): << :bender.us.utonet.org 254 AutumnTest 1509 :channels formed

D, [2008-03-21T19:06:20.244406 #3945] DEBUG -- : Example (Stem): << :bender.us.utonet.org 255 AutumnTest :I have 1801 clients and 1 servers

D, [2008-03-21T19:06:20.245646 #3945] DEBUG -- : Example (Stem): << :bender.us.utonet.org 265 AutumnTest :Current Local Users: 1801  Max: 2538

D, [2008-03-21T19:06:20.246798 #3945] DEBUG -- : Example (Stem): << :bender.us.utonet.org 266 AutumnTest :Current Global Users: 1809  Max: 2546

D, [2008-03-21T19:06:20.247974 #3945] DEBUG -- : Example (Stem): << :bender.us.utonet.org 375 AutumnTest :- bender.us.utonet.org Message of the Day - 

D, [2008-03-21T19:06:20.249180 #3945] DEBUG -- : Example (Stem): << :bender.us.utonet.org 372 AutumnTest :- 5/9/2007 19:45

D, [2008-03-21T19:06:20.250350 #3945] DEBUG -- : Example (Stem): << :bender.us.utonet.org 372 AutumnTest :- This is the short MOTD. To view the complete MOTD type /motd

D, [2008-03-21T19:06:20.251479 #3945] DEBUG -- : Example (Stem): << :bender.us.utonet.org 372 AutumnTest :- 

D, [2008-03-21T19:06:20.252684 #3945] DEBUG -- : Example (Stem): << :bender.us.utonet.org 372 AutumnTest :- Welcome to UtoNet!  You are using bender.us.utonet.org -- :)

D, [2008-03-21T19:06:20.253816 #3945] DEBUG -- : Example (Stem): << :bender.us.utonet.org 372 AutumnTest :- 

D, [2008-03-21T19:06:20.255001 #3945] DEBUG -- : Example (Stem): << :bender.us.utonet.org 372 AutumnTest :- Please see the UtoNet website at www.utonet.org for help and news.  :)

D, [2008-03-21T19:06:20.256201 #3945] DEBUG -- : Example (Stem): << :bender.us.utonet.org 372 AutumnTest :- 

D, [2008-03-21T19:06:20.257363 #3945] DEBUG -- : Example (Stem): << :bender.us.utonet.org 372 AutumnTest :- See the complete message of the day for the disclaimer.  If you do not

D, [2008-03-21T19:06:20.258526 #3945] DEBUG -- : Example (Stem): << :bender.us.utonet.org 372 AutumnTest :- agree please disconnect immediately.  If there are any problems with

D, [2008-03-21T19:06:20.284638 #3945] DEBUG -- : Example (Stem): << :bender.us.utonet.org 372 AutumnTest :- the server or questions related to IRC, please see the network help

D, [2008-03-21T19:06:20.287600 #3945] DEBUG -- : Example (Stem): << :bender.us.utonet.org 372 AutumnTest :- channel #UtoNet.Help for assistance.  The complete MOTD contains a list

D, [2008-03-21T19:06:20.289539 #3945] DEBUG -- : Example (Stem): << :bender.us.utonet.org 372 AutumnTest :- of operators, or optionally you may reach the entire operations team by

D, [2008-03-21T19:06:20.291378 #3945] DEBUG -- : Example (Stem): << :bender.us.utonet.org 372 AutumnTest :- sending an email to <opers@utonet.org>.

D, [2008-03-21T19:06:20.293123 #3945] DEBUG -- : Example (Stem): << :bender.us.utonet.org 372 AutumnTest :- 

D, [2008-03-21T19:06:20.294906 #3945] DEBUG -- : Example (Stem): << :bender.us.utonet.org 372 AutumnTest :- ** [ Rules ] **********************************************************

D, [2008-03-21T19:06:20.296595 #3945] DEBUG -- : Example (Stem): << :bender.us.utonet.org 372 AutumnTest :- 

D, [2008-03-21T19:06:20.298098 #3945] DEBUG -- : Example (Stem): << :bender.us.utonet.org 372 AutumnTest :- See /rules for the rules.

D, [2008-03-21T19:06:20.299467 #3945] DEBUG -- : Example (Stem): << :bender.us.utonet.org 372 AutumnTest :- 

D, [2008-03-21T19:06:20.300842 #3945] DEBUG -- : Example (Stem): << :bender.us.utonet.org 372 AutumnTest :- ** [ End of the short MOTD ] ******************************************

D, [2008-03-21T19:06:20.302137 #3945] DEBUG -- : Example (Stem): << :bender.us.utonet.org 376 AutumnTest :End of /MOTD command.

D, [2008-03-21T19:06:20.302921 #3945] DEBUG -- : Example (Stem): >> JOIN #crushridge
D, [2008-03-21T19:06:20.303976 #3945] DEBUG -- : Example (Stem): << :AutumnTest MODE AutumnTest :+ix

D, [2008-03-21T19:06:20.305122 #3945] DEBUG -- : Example (Stem): << :Global!services@services.utonet.org NOTICE AutumnTest :[Logon News - Sep 03 2007] Welcome to UtoNet! Questions or problems should be directed to the server help channel -- #UtoNet.Help

D, [2008-03-21T19:06:20.461927 #3945] DEBUG -- : Example (Stem): << :AutumnTest!~AutumnTes@uto-85D31F67.snfccasy.covad.net JOIN :#crushridge

D, [2008-03-21T19:06:20.465638 #3945] DEBUG -- : Example (Stem): << :bender.us.utonet.org 332 AutumnTest #crushridge :Pawn's gf is his sister

D, [2008-03-21T19:06:20.467610 #3945] DEBUG -- : Example (Stem): << :bender.us.utonet.org 333 AutumnTest #crushridge chicken!mrd@uto-DD23CB0B.pc.cs.cmu.edu 1206036692

D, [2008-03-21T19:06:20.469510 #3945] DEBUG -- : Example (Stem): << :bender.us.utonet.org 353 AutumnTest = #crushridge :AutumnTest @Stupid Gungnir +Atsuka +Stride Calculon %cyglorx enders ~chicken +Aphext robotchicken Malignant +Obelix +rho 

D, [2008-03-21T19:06:20.474066 #3945] DEBUG -- : Example (Stem): << :bender.us.utonet.org 366 AutumnTest #crushridge :End of /NAMES list.

D, [2008-03-21T19:06:25.120213 #3945] DEBUG -- : Example (Stem): << :Stupid!~Stupid@uto-85D31F67.snfccasy.covad.net PRIVMSG #crushridge :test?

D, [2008-03-21T19:06:29.678802 #3945] DEBUG -- : Example (Stem): << :Stupid!~Stupid@uto-85D31F67.snfccasy.covad.net PRIVMSG #crushridge :muuch better

D, [2008-03-21T19:06:49.120565 #3945] DEBUG -- : Example (Stem): << :Stupid!~Stupid@uto-85D31F67.snfccasy.covad.net PRIVMSG #crushridge :now my friend will sit on this channel for a day or two.  if no bugs occur my friend will be merged into the core autumn leaves code and i will declare this bug squashed

D, [2008-03-21T19:07:06.910268 #3945] DEBUG -- : Example (Stem): << :Stupid!~Stupid@uto-85D31F67.snfccasy.covad.net PRIVMSG #crushridge :my friend doesnt do much, so dont bother looking for any supah secret hidden functionality

D, [2008-03-21T19:07:56.860782 #3945] DEBUG -- : Example (Stem): << PING :bender.us.utonet.org

D, [2008-03-21T19:07:56.861711 #3945] DEBUG -- : Example (Stem): >> PONG :bender.us.utonet.org
D, [2008-03-21T19:09:32.566457 #3945] DEBUG -- : Example (Stem): << PING :bender.us.utonet.org

D, [2008-03-21T19:09:32.567392 #3945] DEBUG -- : Example (Stem): >> PONG :bender.us.utonet.org
D, [2008-03-21T19:11:02.174691 #3945] DEBUG -- : Example (Stem): << PING :bender.us.utonet.org

D, [2008-03-21T19:11:02.175417 #3945] DEBUG -- : Example (Stem): >> PONG :bender.us.utonet.org
D, [2008-03-21T19:12:35.112993 #3945] DEBUG -- : Example (Stem): << PING :bender.us.utonet.org

D, [2008-03-21T19:12:35.133377 #3945] DEBUG -- : Example (Stem): >> PONG :bender.us.utonet.org
D, [2008-03-21T19:14:05.031636 #3945] DEBUG -- : Example (Stem): << PING :bender.us.utonet.org

D, [2008-03-21T19:14:05.032592 #3945] DEBUG -- : Example (Stem): >> PONG :bender.us.utonet.org
D, [2008-03-21T19:15:34.929118 #3945] DEBUG -- : Example (Stem): << PING :bender.us.utonet.org

D, [2008-03-21T19:15:34.930082 #3945] DEBUG -- : Example (Stem): >> PONG :bender.us.utonet.org
D, [2008-03-21T19:15:39.928130 #3945] DEBUG -- : Example (Stem): << :yash!~chatzilla@uto-63EBE08F.hsd1.fl.comcast.net JOIN :#crushridge

D, [2008-03-21T19:17:05.047274 #3945] DEBUG -- : Example (Stem): << PING :bender.us.utonet.org

D, [2008-03-21T19:17:05.048640 #3945] DEBUG -- : Example (Stem): >> PONG :bender.us.utonet.org
D, [2008-03-21T19:18:39.747673 #3945] DEBUG -- : Example (Stem): << PING :bender.us.utonet.org

D, [2008-03-21T19:18:39.748532 #3945] DEBUG -- : Example (Stem): >> PONG :bender.us.utonet.org
D, [2008-03-21T19:20:15.129588 #3945] DEBUG -- : Example (Stem): << PING :bender.us.utonet.org

D, [2008-03-21T19:20:15.130728 #3945] DEBUG -- : Example (Stem): >> PONG :bender.us.utonet.org
D, [2008-03-21T19:21:45.403183 #3945] DEBUG -- : Example (Stem): << PING :bender.us.utonet.org

D, [2008-03-21T19:21:45.404071 #3945] DEBUG -- : Example (Stem): >> PONG :bender.us.utonet.org
D, [2008-03-21T19:22:17.180520 #3945] DEBUG -- : Example (Stem): << :Malignant!~bjacobs@uto-3E99AE43.sd.sd.cox.net PRIVMSG #crushridge :!quit

D, [2008-03-21T19:22:21.236395 #3945] DEBUG -- : Example (Stem): << :Malignant!~bjacobs@uto-3E99AE43.sd.sd.cox.net PRIVMSG #crushridge :damn

D, [2008-03-21T19:23:20.950761 #3945] DEBUG -- : Example (Stem): << PING :bender.us.utonet.org

D, [2008-03-21T19:23:20.951630 #3945] DEBUG -- : Example (Stem): >> PONG :bender.us.utonet.org
D, [2008-03-21T19:24:58.052303 #3945] DEBUG -- : Example (Stem): << PING :bender.us.utonet.org

D, [2008-03-21T19:24:58.053367 #3945] DEBUG -- : Example (Stem): >> PONG :bender.us.utonet.org
D, [2008-03-21T19:26:30.942324 #3945] DEBUG -- : Example (Stem): << PING :bender.us.utonet.org

D, [2008-03-21T19:26:30.943405 #3945] DEBUG -- : Example (Stem): >> PONG :bender.us.utonet.org
D, [2008-03-21T19:28:04.095791 #3945] DEBUG -- : Example (Stem): << PING :bender.us.utonet.org

D, [2008-03-21T19:28:04.096787 #3945] DEBUG -- : Example (Stem): >> PONG :bender.us.utonet.org
D, [2008-03-21T19:28:23.763647 #3945] DEBUG -- : Example (Stem): << :Stupid!~Stupid@uto-85D31F67.snfccasy.covad.net PRIVMSG #crushridge :eh, by a couple of days i meant one hour

D, [2008-03-21T19:28:27.329561 #3945] DEBUG -- : Example (Stem): << :Stupid!~Stupid@uto-85D31F67.snfccasy.covad.net PRIVMSG #crushridge :its friday and i want to go home

D, [2008-03-21T19:28:28.015745 #3945] DEBUG -- : Example (Stem): << :Stupid!~Stupid@uto-85D31F67.snfccasy.covad.net QUIT :Quit: So long, suckers!

